\BOOKMARK [0][-]{section*.5}{LIST OF TABLES}{}% 1
\BOOKMARK [0][-]{section*.6}{LIST OF FIGURES}{}% 2
\BOOKMARK [0][-]{chapter.1}{INTRODUCTION}{}% 3
\BOOKMARK [1][-]{section.1.1}{Background}{chapter.1}% 4
\BOOKMARK [2][-]{subsection.1.1.1}{History of Friction Science}{section.1.1}% 5
\BOOKMARK [2][-]{subsection.1.1.2}{Modern Tribology}{section.1.1}% 6
\BOOKMARK [1][-]{section.1.2}{Project Motivations}{chapter.1}% 7
\BOOKMARK [2][-]{subsection.1.2.1}{Societal Need}{section.1.2}% 8
\BOOKMARK [2][-]{subsection.1.2.2}{Topic 1: Comparison Study of Nanodiamonds Having Positively or Negatively Charged Surface Functional Groups and their Impact on Tribological Behavior}{section.1.2}% 9
\BOOKMARK [2][-]{subsection.1.2.3}{Topic 2 - The Impact of Root-mean-square \(RMS\) Surface Roughness on Nanotribological Behaviors for Gold Surfaces}{section.1.2}% 10
\BOOKMARK [2][-]{subsection.1.2.4}{Topic 3 - The Tribological Behavior of Super-paramagnetic Nanoparticles in Solution at the Interface With and Without the Presence of an External Magnetic Field}{section.1.2}% 11
\BOOKMARK [2][-]{subsection.1.2.5}{Topic 4 - Permeation of Gaseous Water and Ethanol into or through Hydrogenated Graphene and Hydrogenated Graphene Oxide}{section.1.2}% 12
\BOOKMARK [1][-]{subsubsection.1.2.5.2}{Chapter 1 References}{chapter.1}% 13
\BOOKMARK [0][-]{chapter.2}{Experimental Apparatus, Techniques, and Theories of Operation}{}% 14
\BOOKMARK [1][-]{section.2.1}{Quartz Crystal Microbalance \(QCM\)}{chapter.2}% 15
\BOOKMARK [2][-]{subsection.2.1.1}{General Description}{section.2.1}% 16
\BOOKMARK [2][-]{subsection.2.1.2}{The AT-cut Quartz Crystal}{section.2.1}% 17
\BOOKMARK [2][-]{subsection.2.1.3}{Frequency Shift - Measured}{section.2.1}% 18
\BOOKMARK [2][-]{subsection.2.1.4}{Energy Dissipation at the QCM Interface}{section.2.1}% 19
\BOOKMARK [2][-]{subsection.2.1.5}{Slippage at the QCM Interface}{section.2.1}% 20
\BOOKMARK [2][-]{subsection.2.1.6}{The Behavior of the QCM, in Vacuum, in the Presence of Gaseous Species - Adsorption Isotherms}{section.2.1}% 21
\BOOKMARK [2][-]{subsection.2.1.7}{The Behavior of the QCM in Liquid Environments}{section.2.1}% 22
\BOOKMARK [1][-]{section.2.2}{LabVIEW Recording Software for QCM Experiments}{chapter.2}% 23
\BOOKMARK [1][-]{section.2.3}{The Atomic Force Microscope}{chapter.2}% 24
\BOOKMARK [1][-]{section.2.4}{Scanning Electron Microscope}{chapter.2}% 25
\BOOKMARK [1][-]{section.2.5}{Vacuum Systems}{chapter.2}% 26
\BOOKMARK [1][-]{section.2.6}{Equipment for Liquid-immersed QCM Measurements}{chapter.2}% 27
\BOOKMARK [2][-]{subsection.2.6.1}{Stanford Research Systems Flow Cell}{section.2.6}% 28
\BOOKMARK [1][-]{section.2.7}{Macro-scale Friction Measurements}{chapter.2}% 29
\BOOKMARK [2][-]{subsection.2.7.1}{Background and Conventions for Macro-scale Tribology}{section.2.7}% 30
\BOOKMARK [2][-]{subsection.2.7.2}{PCS Instruments MTM-2 Macro-scale Tribometer}{section.2.7}% 31
\BOOKMARK [1][-]{section.2.8}{Dynamic Light Scattering and Electrophoresis Measurements for Nanometer Size Particle Characterization}{chapter.2}% 32
\BOOKMARK [1][-]{subsubsection.2.8.0.3}{Chapter 2 References}{chapter.2}% 33
\BOOKMARK [0][-]{chapter.3}{Theory and Fundamentals - Nanostructured Materials, Charge, Zeta Potential, Aqueous Kinetics}{}% 34
\BOOKMARK [1][-]{section.3.1}{Nano-porous Alumina}{chapter.3}% 35
\BOOKMARK [2][-]{subsection.3.1.1}{Electronic Surface Structure of Alumina}{section.3.1}% 36
\BOOKMARK [2][-]{subsection.3.1.2}{Geometry of Nano-porous Alumina and Effects on Phase Transitions}{section.3.1}% 37
\BOOKMARK [1][-]{section.3.2}{Graphene Membranes}{chapter.3}% 38
\BOOKMARK [2][-]{subsection.3.2.1}{Electronic Surface Structure of Nanodiamonds}{section.3.2}% 39
\BOOKMARK [1][-]{section.3.3}{Graphene Oxide Membranes}{chapter.3}% 40
\BOOKMARK [2][-]{subsection.3.3.1}{Electronic Surface Structure of Nanodiamonds}{section.3.3}% 41
\BOOKMARK [1][-]{section.3.4}{Nanodiamonds}{chapter.3}% 42
\BOOKMARK [2][-]{subsection.3.4.1}{Detonation Nanodiamond Synthesis}{section.3.4}% 43
\BOOKMARK [2][-]{subsection.3.4.2}{Molecular Adsorption and Bonding of Functional Groups to Nanodiamond Surfaces}{section.3.4}% 44
\BOOKMARK [2][-]{subsection.3.4.3}{Functional Groups, Surface Charge, and Zeta Potential}{section.3.4}% 45
\BOOKMARK [2][-]{subsection.3.4.4}{Aqueous Kinetics of Nanodiamonds}{section.3.4}% 46
\BOOKMARK [1][-]{subsection.3.4.4}{Chapter 3 References}{chapter.3}% 47
\BOOKMARK [0][-]{chapter.4}{Sample Preparation}{}% 48
\BOOKMARK [1][-]{section.4.1}{QCM Sample Preparation and Details}{chapter.4}% 49
\BOOKMARK [2][-]{subsection.4.1.1}{Crystal Growth and Preparation}{section.4.1}% 50
\BOOKMARK [2][-]{subsection.4.1.2}{QCM Electrode: Material Choice, Suppliers, and Deposition Techniques}{section.4.1}% 51
\BOOKMARK [1][-]{section.4.2}{De-ionized Water Source and Details}{chapter.4}% 52
\BOOKMARK [1][-]{section.4.3}{Nanoparticles}{chapter.4}% 53
\BOOKMARK [2][-]{subsection.4.3.1}{Nanoparticle Synthesis}{section.4.3}% 54
\BOOKMARK [2][-]{subsection.4.3.2}{Nanoparticle Surface Modification and Characteristics}{section.4.3}% 55
\BOOKMARK [1][-]{section.4.4}{List of Samples Used in Experiments, by Type}{chapter.4}% 56
\BOOKMARK [2][-]{subsection.4.4.1}{Quartz Crystal Microbalances and Affixed Materials}{section.4.4}% 57
\BOOKMARK [2][-]{subsection.4.4.2}{Nanoparticle Solutions}{section.4.4}% 58
\BOOKMARK [2][-]{subsection.4.4.3}{Adsorbate Species for Adsorption Isotherm Work}{section.4.4}% 59
\BOOKMARK [2][-]{subsection.4.4.4}{Macroscale Tribometer Samples}{section.4.4}% 60
\BOOKMARK [1][-]{subsection.4.4.4}{Chapter 4 References}{chapter.4}% 61
\BOOKMARK [0][-]{chapter.5}{A Comparative Study of The Nanoscale and Macroscale Tribological Attributes of Alumina and Stainless Steel Surfaces Immersed in Aqueous Suspensions of Positively or Negatively Charged Nanodiamonds \(reprint\)}{}% 62
\BOOKMARK [1][-]{section.5.1}{Abstract}{chapter.5}% 63
\BOOKMARK [1][-]{section.5.2}{Introduction}{chapter.5}% 64
\BOOKMARK [1][-]{section.5.3}{Materials and Methods}{chapter.5}% 65
\BOOKMARK [2][-]{subsection.5.3.1}{Materials}{section.5.3}% 66
\BOOKMARK [2][-]{subsection.5.3.2}{Macro-scale Friction Measurements}{section.5.3}% 67
\BOOKMARK [2][-]{subsection.5.3.3}{Atomic Force Microscopy and Scanning Electron Microscopy Characterization of Surface Topology}{section.5.3}% 68
\BOOKMARK [2][-]{subsection.5.3.4}{Quartz Crystal Micro-balance Apparatus}{section.5.3}% 69
\BOOKMARK [2][-]{subsection.5.3.5}{Quartz Crystal Micro-balance Data Analysis}{section.5.3}% 70
\BOOKMARK [1][-]{section.5.4}{Results}{chapter.5}% 71
\BOOKMARK [2][-]{subsection.5.4.1}{Macro-scale Friction Measurements}{section.5.4}% 72
\BOOKMARK [2][-]{subsection.5.4.2}{AFM and SEM Measurements}{section.5.4}% 73
\BOOKMARK [1][-]{section.5.5}{QCM Measurements}{chapter.5}% 74
\BOOKMARK [1][-]{section.5.6}{Discussion}{chapter.5}% 75
\BOOKMARK [1][-]{section.5.7}{Conclusion}{chapter.5}% 76
\BOOKMARK [1][-]{section.5.8}{Acknowledgements}{chapter.5}% 77
\BOOKMARK [1][-]{section.5.8}{Chapter 5 References}{chapter.5}% 78
\BOOKMARK [0][-]{chapter.6}{AFM and QCM Study of the Nano-scale and Macro-scale Tribological Attributes of Polished and Unpolished, Rough Gold Surfaces Immersed in Functionalized Aqueous Nanodiamond Solutions}{}% 79
\BOOKMARK [1][-]{section*.22}{Chapter 6 References}{chapter.6}% 80
\BOOKMARK [0][-]{chapter.7}{Superparamagnetic Nanoparticle Mediated Dissipation in the Presence of External Magnetic Fields}{}% 81
\BOOKMARK [1][-]{section.7.1}{Introduction}{chapter.7}% 82
\BOOKMARK [2][-]{subsection.7.1.1}{Background Work}{section.7.1}% 83
\BOOKMARK [2][-]{subsection.7.1.2}{Motivations}{section.7.1}% 84
\BOOKMARK [1][-]{subsection.7.1.2}{Chapter 7 References}{chapter.7}% 85
\BOOKMARK [0][-]{chapter.8}{Dissipation of Gaseous Species through Hydrogenated Graphene and Hydrogenated Graphene Oxide Layers atop Porous Media on QCM}{}% 86
\BOOKMARK [1][-]{section*.23}{Chapter 8 References}{chapter.8}% 87
\BOOKMARK [0][-]{chapter.9}{Future Work}{}% 88
\BOOKMARK [1][-]{section.9.1}{The State of the Art}{chapter.9}% 89
\BOOKMARK [1][-]{section.9.2}{Suggested Computational Studies}{chapter.9}% 90
\BOOKMARK [1][-]{section.9.3}{Suggested Experimental Work}{chapter.9}% 91
\BOOKMARK [1][-]{section.9.3}{Chapter 10 References}{chapter.9}% 92
\BOOKMARK [0][-]{section.9.3}{Bibliography}{}% 93
\BOOKMARK [0][-]{chapter*.24}{APPENDIX}{}% 94
\BOOKMARK [0][-]{appendix.A}{ASAI - Adaptive Statistical Analysis for Images}{}% 95
\BOOKMARK [1][-]{section.A.1}{Motivation for Development}{appendix.A}% 96
\BOOKMARK [1][-]{section.A.2}{Principles of Operation}{appendix.A}% 97
\BOOKMARK [1][-]{section.A.3}{Future Development Paths}{appendix.A}% 98
\BOOKMARK [1][-]{section.A.4}{ASAI Manual !!! Incomplete}{appendix.A}% 99
\BOOKMARK [1][-]{section.A.5}{ASAI Code - Complete}{appendix.A}% 100
